<?xml version="1.0" encoding="UTF-8"?>
<!-- Generated by org.testng.reporters.JUnitReportReporter -->
<testsuite hostname="LAPTOP-RV4KDA0L" name="com.selenium.qa.test.tc01case" tests="1" failures="0" timestamp="1 Feb 2022 14:49:43 GMT" time="6.141" errors="0">
  <testcase name="tc01" time="6.141" classname="com.selenium.qa.test.tc01case"/>
</testsuite> <!-- com.selenium.qa.test.tc01case -->
